[2026-02-20 20:02:20] WARNING security Toutes les sessions rÈvoquÈes pour [karoui.souha18@gmail.com] (6 sessions). Raison : password_changed.
[2026-02-20 20:04:02] WARNING security Toutes les sessions rÈvoquÈes pour [karoui.souha18@gmail.com] (1 sessions). Raison : password_changed.
[2026-02-20 22:07:01] WARNING security AccËs refusÈ (403) pour [karoui.souha18@gmail.com] sur /api/users/agents/create/ depuis 127.0.0.1.
[2026-02-20 23:00:04] WARNING security Toutes les sessions rÈvoquÈes pour [agent@test.com] (0 sessions). Raison : admin_revoked.
[2026-02-21 23:06:33] WARNING security Toutes les sessions r√©voqu√©es pour [souha@gmail.com] (1 sessions). Raison : password_changed.
[2026-02-21 23:18:01] WARNING security Toutes les sessions r√©voqu√©es pour [souha@gmail.com] (1 sessions). Raison : password_changed.
[2026-02-22 10:28:01] WARNING security Acc√®s refus√© (403) pour [souha@gmail.com] sur /api/users/users/ depuis 127.0.0.1.
[2026-02-22 10:28:12] WARNING security Acc√®s refus√© (403) pour [souha@gmail.com] sur /api/users/users/ depuis 127.0.0.1.
[2026-02-22 11:01:34] WARNING security Toutes les sessions r√©voqu√©es pour [manager@gmail.com] (11 sessions). Raison : admin_revoked.
[2026-02-22 12:00:03] WARNING security Toutes les sessions r√©voqu√©es pour [souhakaroui2016@gmail.com] (0 sessions). Raison : admin_revoked.
[2026-02-22 12:02:37] WARNING security Toutes les sessions r√©voqu√©es pour [souhakaroui2016@gmail.com] (0 sessions). Raison : admin_revoked.
[2026-02-22 12:09:09] WARNING security Toutes les sessions r√©voqu√©es pour [manager@gmail.com] (1 sessions). Raison : admin_revoked.
[2026-02-22 12:11:16] WARNING security Toutes les sessions r√©voqu√©es pour [souhakaroui2016@gmail.com] (0 sessions). Raison : admin_revoked.
[2026-02-22 12:28:49] WARNING security Toutes les sessions r√©voqu√©es pour [souha@gmail.com] (1 sessions). Raison : password_changed.
[2026-02-22 13:50:31] WARNING security Toutes les sessions r√©voqu√©es pour [souhakaroui2016@gmail.com] (0 sessions). Raison : admin_revoked.
[2026-02-22 14:12:37] WARNING security Toutes les sessions r√©voqu√©es pour [amine12@gmail.com] (0 sessions). Raison : admin_revoked.
[2026-02-22 14:39:32] WARNING security Toutes les sessions r√©voqu√©es pour [souhakaroui2016@gmail.com] (0 sessions). Raison : password_reset.
[2026-02-22 14:47:48] WARNING security Toutes les sessions r√©voqu√©es pour [souhakaroui2016@gmail.com] (0 sessions). Raison : password_reset.
[2026-02-22 14:50:06] WARNING security Toutes les sessions r√©voqu√©es pour [agent@company.com] (0 sessions). Raison : admin_revoked.
[2026-02-22 14:51:36] WARNING security Toutes les sessions r√©voqu√©es pour [rayenbenzid1@gmail.com] (0 sessions). Raison : admin_revoked.
[2026-02-22 21:19:09] WARNING security IP 127.0.0.1 bloqu√©e apr√®s 5 tentatives √©chou√©es.
[2026-02-22 21:19:13] WARNING security Tentative de connexion bloqu√©e depuis 127.0.0.1 (trop de tentatives √©chou√©es).
[2026-02-22 21:19:15] WARNING security Tentative de connexion bloqu√©e depuis 127.0.0.1 (trop de tentatives √©chou√©es).
[2026-02-22 21:20:03] WARNING security Toutes les sessions r√©voqu√©es pour [souhakaroui2016@gmail.com] (0 sessions). Raison : password_reset.
[2026-02-22 21:20:14] WARNING security Tentative de connexion bloqu√©e depuis 127.0.0.1 (trop de tentatives √©chou√©es).
[2026-02-22 21:20:35] WARNING security Tentative de connexion bloqu√©e depuis 127.0.0.1 (trop de tentatives √©chou√©es).
[2026-02-22 21:20:39] WARNING security Tentative de connexion bloqu√©e depuis 127.0.0.1 (trop de tentatives √©chou√©es).
[2026-02-22 21:21:12] WARNING security Tentative de connexion bloqu√©e depuis 127.0.0.1 (trop de tentatives √©chou√©es).
[2026-02-22 21:21:15] WARNING security Tentative de connexion bloqu√©e depuis 127.0.0.1 (trop de tentatives √©chou√©es).
[2026-02-22 21:25:22] WARNING security Tentative de connexion bloqu√©e depuis 127.0.0.1 (trop de tentatives √©chou√©es).
[2026-02-22 21:25:36] WARNING security Tentative de connexion bloqu√©e depuis 127.0.0.1 (trop de tentatives √©chou√©es).
[2026-02-22 21:48:15] WARNING security Toutes les sessions r√©voqu√©es pour [weeg@digitalia.ly] (14 sessions). Raison : password_changed.
<<<<<<< Updated upstream
[2026-02-23 11:41:28] WARNING security Toutes les sessions r√©voqu√©es pour [rayenbenzid1@gmail.com] (1 sessions). Raison : password_changed.
[2026-02-23 11:55:12] WARNING security Toutes les sessions r√©voqu√©es pour [rayenbenzid1@gmail.com] (0 sessions). Raison : password_reset.
[2026-02-23 11:55:41] WARNING security Toutes les sessions r√©voqu√©es pour [rayenbenzid1@gmail.com] (1 sessions). Raison : password_changed.
[2026-02-23 12:03:02] WARNING security Toutes les sessions r√©voqu√©es pour [ahmedbenzid@gmail.com] (1 sessions). Raison : password_changed.
[2026-02-23 12:04:57] WARNING security Toutes les sessions r√©voqu√©es pour [rayenbenzid1@gmail.com] (1 sessions). Raison : password_changed.
[2026-02-23 17:46:57] WARNING security Toutes les sessions r√©voqu√©es pour [ahmedbenzid@gmail.com] (1 sessions). Raison : token_reuse.
[2026-02-23 17:46:57] CRITICAL security ATTAQUE D√âTECT√âE : r√©utilisation d'un ancien refresh token pour l'utilisateur [ahmedbenzid@gmail.com]. Tous ses tokens ont √©t√© r√©voqu√©s.
=======
[2026-02-22 22:48:12] WARNING security Toutes les sessions r√©voqu√©es pour [souhakaroui2016@gmail.com] (0 sessions). Raison : password_reset.
[2026-02-23 00:48:58] WARNING security Toutes les sessions r√©voqu√©es pour [karoui.souha18@gmail.com] (0 sessions). Raison : admin_revoked.
[2026-02-23 13:36:56] WARNING security Toutes les sessions r√©voqu√©es pour [souhakaroui2016@gmail.com] (1 sessions). Raison : password_reset.
[2026-02-23 13:58:25] WARNING security Toutes les sessions r√©voqu√©es pour [souhakaroui2016@gmail.com] (2 sessions). Raison : password_changed.
[2026-02-23 14:14:22] WARNING security Toutes les sessions r√©voqu√©es pour [souhakaroui2016@gmail.com] (0 sessions). Raison : password_reset.
[2026-02-23 14:42:38] WARNING security Toutes les sessions r√©voqu√©es pour [rayenbenzid1@gmail.com] (0 sessions). Raison : password_reset.
[2026-02-23 15:05:19] WARNING security Acc√®s refus√© (403) pour [rayenbenzid1@gmail.com] sur /api/users/users/ depuis 127.0.0.1.
[2026-02-23 15:24:16] WARNING security Acc√®s refus√© (403) pour [rayenbenzid1@gmail.com] sur /api/users/users/ depuis 127.0.0.1.
[2026-02-23 15:55:31] WARNING security Toutes les sessions r√©voqu√©es pour [souha@gmail.com] (0 sessions). Raison : admin_revoked.
[2026-02-23 16:10:20] WARNING security Toutes les sessions r√©voqu√©es pour [souhakaroui2016@gmail.com] (1 sessions). Raison : password_reset.
[2026-02-23 16:38:58] WARNING security Toutes les sessions r√©voqu√©es pour [rayenbenzid1@gmail.com] (1 sessions). Raison : admin_revoked.
>>>>>>> Stashed changes
[2026-02-24 23:37:45] WARNING security Toutes les sessions r√©voqu√©es pour [rayenbenzid1@gmail.com] (0 sessions). Raison : admin_revoked.
[2026-02-24 23:41:03] WARNING security Toutes les sessions r√©voqu√©es pour [karoui.souha18@gmail.com] (0 sessions). Raison : password_reset.
[2026-02-24 23:43:08] WARNING security Toutes les sessions r√©voqu√©es pour [youssef@gmail.com] (0 sessions). Raison : admin_revoked.
[2026-02-24 23:53:26] WARNING security Toutes les sessions r√©voqu√©es pour [ayalamouchi6@gmail.com] (0 sessions). Raison : admin_revoked.
[2026-02-24 23:56:00] WARNING security Toutes les sessions r√©voqu√©es pour [ayalamouchi6@gmail.com] (0 sessions). Raison : password_reset.
[2026-02-24 23:58:38] WARNING security Toutes les sessions r√©voqu√©es pour [john@company.com] (0 sessions). Raison : admin_revoked.
